<?xml version="1.0" encoding="UTF-8"?>
<testng-results ignored="0" total="1" passed="1" failed="0" skipped="0">
  <reporter-output>
  </reporter-output>
  <suite started-at="2023-02-10T15:52:39 IST" name="Default suite" finished-at="2023-02-10T15:52:50 IST" duration-ms="11422">
    <groups>
    </groups>
    <test started-at="2023-02-10T15:52:39 IST" name="Default test" finished-at="2023-02-10T15:52:50 IST" duration-ms="11422">
      <class name="Test.LoginTest">
        <test-method is-config="true" signature="basetest()[pri:0, instance:Test.LoginTest@63070bab]" started-at="2023-02-10T15:52:39 IST" name="basetest" finished-at="2023-02-10T15:52:41 IST" duration-ms="2151" status="PASS">
          <reporter-output>
          </reporter-output>
        </test-method> <!-- basetest -->
        <test-method signature="test()[pri:0, instance:Test.LoginTest@63070bab]" started-at="2023-02-10T15:52:41 IST" name="test" finished-at="2023-02-10T15:52:50 IST" duration-ms="9224" status="PASS">
          <reporter-output>
          </reporter-output>
        </test-method> <!-- test -->
      </class> <!-- Test.LoginTest -->
    </test> <!-- Default test -->
  </suite> <!-- Default suite -->
</testng-results>
